This is pdfTeX, Version 3.14159265-2.6-1.40.20 (TeX Live 2019/Debian) (preloaded format=pdflatex 2021.6.15)  15 JUN 2021 09:25
entering extended mode
 restricted \write18 enabled.
 %&-line parsing enabled.
**latexoutput.tex 2>&1 > /dev/null
(./latexoutput.tex
LaTeX2e <2020-02-02> patch level 2
L3 programming layer <2020-02-14> (/usr/share/texlive/texmf-dist/tex/latex/base
/article.cls
Document Class: article 2019/12/20 v1.4l Standard LaTeX document class
(/usr/share/texlive/texmf-dist/tex/latex/base/size10.clo
File: size10.clo 2019/12/20 v1.4l Standard LaTeX file (size option)
)
\c@part=\count167
\c@section=\count168
\c@subsection=\count169
\c@subsubsection=\count170
\c@paragraph=\count171
\c@subparagraph=\count172
\c@figure=\count173
\c@table=\count174
\abovecaptionskip=\skip47
\belowcaptionskip=\skip48
\bibindent=\dimen134
) (/usr/share/texlive/texmf-dist/tex/latex/base/inputenc.sty
Package: inputenc 2018/08/11 v1.3c Input encoding file
\inpenc@prehook=\toks14
\inpenc@posthook=\toks15
) (/usr/share/texlive/texmf-dist/tex/latex/graphics/graphicx.sty
Package: graphicx 2019/11/30 v1.2a Enhanced LaTeX Graphics (DPC,SPQR)
(/usr/share/texlive/texmf-dist/tex/latex/graphics/keyval.sty
Package: keyval 2014/10/28 v1.15 key=value parser (DPC)
\KV@toks@=\toks16
) (/usr/share/texlive/texmf-dist/tex/latex/graphics/graphics.sty
Package: graphics 2019/11/30 v1.4a Standard LaTeX Graphics (DPC,SPQR)
(/usr/share/texlive/texmf-dist/tex/latex/graphics/trig.sty
Package: trig 2016/01/03 v1.10 sin cos tan (DPC)
) (/usr/share/texlive/texmf-dist/tex/latex/graphics-cfg/graphics.cfg
File: graphics.cfg 2016/06/04 v1.11 sample graphics configuration
)
Package graphics Info: Driver file: pdftex.def on input line 105.
(/usr/share/texlive/texmf-dist/tex/latex/graphics-def/pdftex.def
File: pdftex.def 2018/01/08 v1.0l Graphics/color driver for pdftex
))
\Gin@req@height=\dimen135
\Gin@req@width=\dimen136
) (/usr/share/texlive/texmf-dist/tex/latex/caption/caption.sty
Package: caption 2020/01/03 v3.4h Customizing captions (AR)
(/usr/share/texlive/texmf-dist/tex/latex/caption/caption3.sty
Package: caption3 2020/01/03 v1.8h caption3 kernel (AR)
Package caption3 Info: TeX engine: e-TeX on input line 61.
\captionmargin=\dimen137
\captionmargin@=\dimen138
\captionwidth=\dimen139
\caption@tempdima=\dimen140
\caption@indent=\dimen141
\caption@parindent=\dimen142
\caption@hangindent=\dimen143
Package caption Info: Standard document class detected.
)
\c@caption@flags=\count175
\c@continuedfloat=\count176
) (/usr/share/texlive/texmf-dist/tex/latex/geometry/geometry.sty
Package: geometry 2020/01/02 v5.9 Page Geometry
(/usr/share/texlive/texmf-dist/tex/generic/iftex/ifvtex.sty
Package: ifvtex 2019/10/25 v1.7 ifvtex legacy package. Use iftex instead.
(/usr/share/texlive/texmf-dist/tex/generic/iftex/iftex.sty
Package: iftex 2019/11/07 v1.0c TeX engine tests
))
\Gm@cnth=\count177
\Gm@cntv=\count178
\c@Gm@tempcnt=\count179
\Gm@bindingoffset=\dimen144
\Gm@wd@mp=\dimen145
\Gm@odd@mp=\dimen146
\Gm@even@mp=\dimen147
\Gm@layoutwidth=\dimen148
\Gm@layoutheight=\dimen149
\Gm@layouthoffset=\dimen150
\Gm@layoutvoffset=\dimen151
\Gm@dimlist=\toks17
) (/usr/share/texlive/texmf-dist/tex/latex/tools/array.sty
Package: array 2019/08/31 v2.4l Tabular extension package (FMi)
\col@sep=\dimen152
\ar@mcellbox=\box45
\extrarowheight=\dimen153
\NC@list=\toks18
\extratabsurround=\skip49
\backup@length=\skip50
\ar@cellbox=\box46
) (/usr/share/texlive/texmf-dist/tex/latex/pdflscape/pdflscape.sty
Package: pdflscape 2019/12/05 v0.12 Display of landscape pages in PDF (HO)
(/usr/share/texlive/texmf-dist/tex/latex/graphics/lscape.sty
Package: lscape 2000/10/22 v3.01 Landscape Pages (DPC)
)
Package pdflscape Info: Auto-detected driver: pdftex on input line 81.
) (/usr/share/texlive/texmf-dist/tex/latex/graphics/color.sty
Package: color 2019/11/23 v1.2a Standard LaTeX Color (DPC)
(/usr/share/texlive/texmf-dist/tex/latex/graphics-cfg/color.cfg
File: color.cfg 2016/01/02 v1.6 sample color configuration
)
Package color Info: Driver file: pdftex.def on input line 147.
) (/usr/share/texlive/texmf-dist/tex/latex/hyperref/hyperref.sty
Package: hyperref 2020/01/14 v7.00d Hypertext links for LaTeX
(/usr/share/texlive/texmf-dist/tex/generic/ltxcmds/ltxcmds.sty
Package: ltxcmds 2019/12/15 v1.24 LaTeX kernel commands for general use (HO)
) (/usr/share/texlive/texmf-dist/tex/latex/pdftexcmds/pdftexcmds.sty
Package: pdftexcmds 2019/11/24 v0.31 Utility functions of pdfTeX for LuaTeX (HO
)
(/usr/share/texlive/texmf-dist/tex/generic/infwarerr/infwarerr.sty
Package: infwarerr 2019/12/03 v1.5 Providing info/warning/error messages (HO)
)
Package pdftexcmds Info: \pdf@primitive is available.
Package pdftexcmds Info: \pdf@ifprimitive is available.
Package pdftexcmds Info: \pdfdraftmode found.
) (/usr/share/texlive/texmf-dist/tex/generic/kvsetkeys/kvsetkeys.sty
Package: kvsetkeys 2019/12/15 v1.18 Key value parser (HO)
) (/usr/share/texlive/texmf-dist/tex/generic/kvdefinekeys/kvdefinekeys.sty
Package: kvdefinekeys 2019-12-19 v1.6 Define keys (HO)
) (/usr/share/texlive/texmf-dist/tex/generic/pdfescape/pdfescape.sty
Package: pdfescape 2019/12/09 v1.15 Implements pdfTeX's escape features (HO)
) (/usr/share/texlive/texmf-dist/tex/latex/hycolor/hycolor.sty
Package: hycolor 2020-01-27 v1.10 Color options for hyperref/bookmark (HO)
) (/usr/share/texlive/texmf-dist/tex/latex/letltxmacro/letltxmacro.sty
Package: letltxmacro 2019/12/03 v1.6 Let assignment for LaTeX macros (HO)
) (/usr/share/texlive/texmf-dist/tex/latex/auxhook/auxhook.sty
Package: auxhook 2019-12-17 v1.6 Hooks for auxiliary files (HO)
) (/usr/share/texlive/texmf-dist/tex/latex/kvoptions/kvoptions.sty
Package: kvoptions 2019/11/29 v3.13 Key value format for package options (HO)
)
\@linkdim=\dimen154
\Hy@linkcounter=\count180
\Hy@pagecounter=\count181
(/usr/share/texlive/texmf-dist/tex/latex/hyperref/pd1enc.def
File: pd1enc.def 2020/01/14 v7.00d Hyperref: PDFDocEncoding definition (HO)
Now handling font encoding PD1 ...
... no UTF-8 mapping file for font encoding PD1
) (/usr/share/texlive/texmf-dist/tex/generic/intcalc/intcalc.sty
Package: intcalc 2019/12/15 v1.3 Expandable calculations with integers (HO)
) (/usr/share/texlive/texmf-dist/tex/generic/etexcmds/etexcmds.sty
Package: etexcmds 2019/12/15 v1.7 Avoid name clashes with e-TeX commands (HO)
)
\Hy@SavedSpaceFactor=\count182
\pdfmajorversion=\count183
Package hyperref Info: Hyper figures OFF on input line 4547.
Package hyperref Info: Link nesting OFF on input line 4552.
Package hyperref Info: Hyper index ON on input line 4555.
Package hyperref Info: Plain pages OFF on input line 4562.
Package hyperref Info: Backreferencing OFF on input line 4567.
Package hyperref Info: Implicit mode ON; LaTeX internals redefined.
Package hyperref Info: Bookmarks ON on input line 4800.
\c@Hy@tempcnt=\count184
(/usr/share/texlive/texmf-dist/tex/latex/url/url.sty
\Urlmuskip=\muskip16
Package: url 2013/09/16  ver 3.4  Verb mode for urls, etc.
)
LaTeX Info: Redefining \url on input line 5159.
\XeTeXLinkMargin=\dimen155
(/usr/share/texlive/texmf-dist/tex/generic/bitset/bitset.sty
Package: bitset 2019/12/09 v1.3 Handle bit-vector datatype (HO)
(/usr/share/texlive/texmf-dist/tex/generic/bigintcalc/bigintcalc.sty
Package: bigintcalc 2019/12/15 v1.5 Expandable calculations on big integers (HO
)
))
\Fld@menulength=\count185
\Field@Width=\dimen156
\Fld@charsize=\dimen157
Package hyperref Info: Hyper figures OFF on input line 6430.
Package hyperref Info: Link nesting OFF on input line 6435.
Package hyperref Info: Hyper index ON on input line 6438.
Package hyperref Info: backreferencing OFF on input line 6445.
Package hyperref Info: Link coloring OFF on input line 6450.
Package hyperref Info: Link coloring with OCG OFF on input line 6455.
Package hyperref Info: PDF/A mode OFF on input line 6460.
LaTeX Info: Redefining \ref on input line 6500.
LaTeX Info: Redefining \pageref on input line 6504.
(/usr/share/texlive/texmf-dist/tex/generic/atbegshi/atbegshi.sty
Package: atbegshi 2019/12/05 v1.19 At begin shipout hook (HO)
)
\Hy@abspage=\count186
\c@Item=\count187
\c@Hfootnote=\count188
)
Package hyperref Info: Driver (autodetected): hpdftex.
(/usr/share/texlive/texmf-dist/tex/latex/hyperref/hpdftex.def
File: hpdftex.def 2020/01/14 v7.00d Hyperref driver for pdfTeX
(/usr/share/texlive/texmf-dist/tex/latex/atveryend/atveryend.sty
Package: atveryend 2019-12-11 v1.11 Hooks at the very end of document (HO)
Package atveryend Info: \enddocument detected (standard20110627).
)
\Fld@listcount=\count189
\c@bookmark@seq@number=\count190
(/usr/share/texlive/texmf-dist/tex/latex/rerunfilecheck/rerunfilecheck.sty
Package: rerunfilecheck 2019/12/05 v1.9 Rerun checks for auxiliary files (HO)
(/usr/share/texlive/texmf-dist/tex/generic/uniquecounter/uniquecounter.sty
Package: uniquecounter 2019/12/15 v1.4 Provide unlimited unique counter (HO)
)
Package uniquecounter Info: New unique counter `rerunfilecheck' on input line 2
86.
)
\Hy@SectionHShift=\skip51
)
Package hyperref Info: Option `colorlinks' set `true' on input line 23.
(/usr/share/texlive/texmf-dist/tex/latex/fancyhdr/fancyhdr.sty
Package: fancyhdr 2019/01/31 v3.10 Extensive control of page headers and footer
s
\f@nch@headwidth=\skip52
\f@nch@O@elh=\skip53
\f@nch@O@erh=\skip54
\f@nch@O@olh=\skip55
\f@nch@O@orh=\skip56
\f@nch@O@elf=\skip57
\f@nch@O@erf=\skip58
\f@nch@O@olf=\skip59
\f@nch@O@orf=\skip60
) (/usr/share/texlive/texmf-dist/tex/latex/l3backend/l3backend-pdfmode.def
File: l3backend-pdfmode.def 2020-02-03 L3 backend support: PDF mode
\l__kernel_color_stack_int=\count191
\l__pdf_internal_box=\box47
) (./latexoutput.aux)
\openout1 = `latexoutput.aux'.

LaTeX Font Info:    Checking defaults for OML/cmm/m/it on input line 34.
LaTeX Font Info:    ... okay on input line 34.
LaTeX Font Info:    Checking defaults for OMS/cmsy/m/n on input line 34.
LaTeX Font Info:    ... okay on input line 34.
LaTeX Font Info:    Checking defaults for OT1/cmr/m/n on input line 34.
LaTeX Font Info:    ... okay on input line 34.
LaTeX Font Info:    Checking defaults for T1/cmr/m/n on input line 34.
LaTeX Font Info:    ... okay on input line 34.
LaTeX Font Info:    Checking defaults for TS1/cmr/m/n on input line 34.
LaTeX Font Info:    ... okay on input line 34.
LaTeX Font Info:    Checking defaults for OMX/cmex/m/n on input line 34.
LaTeX Font Info:    ... okay on input line 34.
LaTeX Font Info:    Checking defaults for U/cmr/m/n on input line 34.
LaTeX Font Info:    ... okay on input line 34.
LaTeX Font Info:    Checking defaults for PD1/pdf/m/n on input line 34.
LaTeX Font Info:    ... okay on input line 34.
(/usr/share/texlive/texmf-dist/tex/context/base/mkii/supp-pdf.mkii
[Loading MPS to PDF converter (version 2006.09.02).]
\scratchcounter=\count192
\scratchdimen=\dimen158
\scratchbox=\box48
\nofMPsegments=\count193
\nofMParguments=\count194
\everyMPshowfont=\toks19
\MPscratchCnt=\count195
\MPscratchDim=\dimen159
\MPnumerator=\count196
\makeMPintoPDFobject=\count197
\everyMPtoPDFconversion=\toks20
) (/usr/share/texlive/texmf-dist/tex/latex/epstopdf-pkg/epstopdf-base.sty
Package: epstopdf-base 2020-01-24 v2.11 Base part for package epstopdf
Package epstopdf-base Info: Redefining graphics rule for `.eps' on input line 4
85.
(/usr/share/texlive/texmf-dist/tex/latex/latexconfig/epstopdf-sys.cfg
File: epstopdf-sys.cfg 2010/07/13 v1.3 Configuration of (r)epstopdf for TeX Liv
e
))
Package caption Info: Begin \AtBeginDocument code.
Package caption Info: hyperref package is loaded.
Package caption Info: End \AtBeginDocument code.
*geometry* driver: auto-detecting
*geometry* detected driver: pdftex
*geometry* verbose mode - [ preamble ] result:
* driver: pdftex
* paper: <default>
* layout: <same size as paper>
* layoutoffset:(h,v)=(0.0pt,0.0pt)
* modes: 
* h-part:(L,W,R)=(72.26999pt, 469.75502pt, 72.26999pt)
* v-part:(T,H,B)=(72.26999pt, 650.43001pt, 72.26999pt)
* \paperwidth=614.295pt
* \paperheight=794.96999pt
* \textwidth=469.75502pt
* \textheight=650.43001pt
* \oddsidemargin=0.0pt
* \evensidemargin=0.0pt
* \topmargin=-37.0pt
* \headheight=12.0pt
* \headsep=25.0pt
* \topskip=10.0pt
* \footskip=30.0pt
* \marginparwidth=65.0pt
* \marginparsep=11.0pt
* \columnsep=10.0pt
* \skip\footins=9.0pt plus 4.0pt minus 2.0pt
* \hoffset=0.0pt
* \voffset=0.0pt
* \mag=1000
* \@twocolumnfalse
* \@twosidefalse
* \@mparswitchfalse
* \@reversemarginfalse
* (1in=72.27pt=25.4mm, 1cm=28.453pt)

\AtBeginShipoutBox=\box49
Package hyperref Info: Link coloring ON on input line 34.
(/usr/share/texlive/texmf-dist/tex/latex/hyperref/nameref.sty
Package: nameref 2019/09/16 v2.46 Cross-referencing by name of section
(/usr/share/texlive/texmf-dist/tex/latex/refcount/refcount.sty
Package: refcount 2019/12/15 v3.6 Data extraction from label references (HO)
) (/usr/share/texlive/texmf-dist/tex/generic/gettitlestring/gettitlestring.sty
Package: gettitlestring 2019/12/15 v1.6 Cleanup title references (HO)
)
\c@section@level=\count198
)
LaTeX Info: Redefining \ref on input line 34.
LaTeX Info: Redefining \pageref on input line 34.
LaTeX Info: Redefining \nameref on input line 34.
(./latexoutput.out) (./latexoutput.out)
\@outlinefile=\write3
\openout3 = `latexoutput.out'.


! LaTeX Error: There's no line here to end.

See the LaTeX manual or LaTeX Companion for explanation.
Type  H <return>  for immediate help.
 ...                                              
                                                  
l.41 \\T
        HIS TEXT IS A TEST FILE AND NOT YET ACCURATE FOR THE RESULTS INCLUDE...

Your command was ignored.
Type  I <command> <return>  to replace it with another command,
or  <return>  to continue without it.


Underfull \hbox (badness 10000) in paragraph at lines 41--88

 []


Underfull \hbox (badness 10000) in paragraph at lines 41--88

 []


Underfull \hbox (badness 10000) in paragraph at lines 41--88

 []


Underfull \hbox (badness 10000) in paragraph at lines 41--88

 []


Underfull \hbox (badness 10000) in paragraph at lines 41--88

 []


Underfull \hbox (badness 10000) in paragraph at lines 41--88

 []


Underfull \hbox (badness 10000) in paragraph at lines 41--88

 []


Underfull \hbox (badness 10000) in paragraph at lines 41--88

 []


Underfull \hbox (badness 10000) in paragraph at lines 41--88

 []


Underfull \hbox (badness 10000) in paragraph at lines 41--88

 []


Underfull \hbox (badness 10000) in paragraph at lines 41--88

 []


Underfull \hbox (badness 10000) in paragraph at lines 41--88

 []


Underfull \hbox (badness 10000) in paragraph at lines 41--88

 []


Underfull \hbox (badness 10000) in paragraph at lines 41--88

 []


Underfull \hbox (badness 10000) in paragraph at lines 41--88

 []


Underfull \hbox (badness 10000) in paragraph at lines 41--88

 []


Underfull \hbox (badness 10000) in paragraph at lines 41--88

 []


Underfull \hbox (badness 10000) in paragraph at lines 41--88

 []


Underfull \hbox (badness 10000) in paragraph at lines 41--88

 []


Underfull \hbox (badness 10000) in paragraph at lines 41--88

 []


Underfull \hbox (badness 10000) in paragraph at lines 41--88

 []


Underfull \hbox (badness 10000) in paragraph at lines 41--88

 []


Underfull \hbox (badness 10000) in paragraph at lines 41--88

 []


Underfull \hbox (badness 10000) in paragraph at lines 41--88

 []


Underfull \hbox (badness 10000) in paragraph at lines 41--88

 []


Underfull \hbox (badness 10000) in paragraph at lines 41--88

 []


Underfull \hbox (badness 10000) in paragraph at lines 41--88

 []


Underfull \hbox (badness 10000) in paragraph at lines 41--88

 []


Underfull \hbox (badness 10000) in paragraph at lines 41--88

 []


Underfull \hbox (badness 10000) in paragraph at lines 41--88

 []


Underfull \hbox (badness 10000) in paragraph at lines 41--88

 []


Underfull \hbox (badness 10000) in paragraph at lines 41--88

 []


Underfull \hbox (badness 10000) in paragraph at lines 41--88

 []


Underfull \hbox (badness 10000) in paragraph at lines 41--88

 []


Underfull \hbox (badness 10000) in paragraph at lines 41--88

 []


Underfull \hbox (badness 10000) in paragraph at lines 41--88

 []


Underfull \hbox (badness 10000) in paragraph at lines 41--88

 []


Underfull \hbox (badness 10000) in paragraph at lines 41--88

 []


Underfull \hbox (badness 10000) in paragraph at lines 41--88

 []


Underfull \hbox (badness 10000) in paragraph at lines 41--88

 []


Underfull \hbox (badness 10000) in paragraph at lines 41--88

 []


Underfull \hbox (badness 10000) in paragraph at lines 41--88

 []

[1

{/var/lib/texmf/fonts/map/pdftex/updmap/pdftex.map}] [2] (./latexoutput.lof
LaTeX Font Info:    External font `cmex10' loaded for size
(Font)              <7> on input line 1.
LaTeX Font Info:    External font `cmex10' loaded for size
(Font)              <5> on input line 1.
[3

])
\tf@lof=\write4
\openout4 = `latexoutput.lof'.

[4]
<../plots/hists_2d/Recon_radtest7//closeness.png, id=154, 722.7pt x 505.89pt>
File: ../plots/hists_2d/Recon_radtest7//closeness.png Graphic file (type png)
<use ../plots/hists_2d/Recon_radtest7//closeness.png>
Package pdftex.def Info: ../plots/hists_2d/Recon_radtest7//closeness.png  used 
on input line 96.
(pdftex.def)             Requested size: 361.3491pt x 252.94437pt.
[5


 <../plots/hists_2d/Recon_radtest7//closeness.png>]
<../plots/hists_2d/Recon_radtest7//Ee.png, id=162, 722.7pt x 505.89pt>
File: ../plots/hists_2d/Recon_radtest7//Ee.png Graphic file (type png)
<use ../plots/hists_2d/Recon_radtest7//Ee.png>
Package pdftex.def Info: ../plots/hists_2d/Recon_radtest7//Ee.png  used on inpu
t line 105.
(pdftex.def)             Requested size: 361.3491pt x 252.94437pt.
[6

 <../plots/hists_2d/Recon_radtest7//Ee.png>]
<../plots/hists_2d/Recon_radtest7//Electron_phi_vs_Electron_theta,_Recon.png, i
d=169, 722.7pt x 505.89pt>
File: ../plots/hists_2d/Recon_radtest7//Electron_phi_vs_Electron_theta,_Recon.p
ng Graphic file (type png)
<use ../plots/hists_2d/Recon_radtest7//Electron_phi_vs_Electron_theta,_Recon.pn
g>
Package pdftex.def Info: ../plots/hists_2d/Recon_radtest7//Electron_phi_vs_Elec
tron_theta,_Recon.png  used on input line 114.
(pdftex.def)             Requested size: 361.3491pt x 252.94437pt.
[7

 <../plots/hists_2d/Recon_radtest7//Electron_phi_vs_Electron_theta,_Recon.png>]
<../plots/hists_2d/Recon_radtest7//Ep.png, id=177, 722.7pt x 505.89pt>
File: ../plots/hists_2d/Recon_radtest7//Ep.png Graphic file (type png)
<use ../plots/hists_2d/Recon_radtest7//Ep.png>
Package pdftex.def Info: ../plots/hists_2d/Recon_radtest7//Ep.png  used on inpu
t line 123.
(pdftex.def)             Requested size: 361.3491pt x 252.94437pt.
[8

 <../plots/hists_2d/Recon_radtest7//Ep.png>]
<../plots/hists_2d/Recon_radtest7//Ephi.png, id=185, 722.7pt x 505.89pt>
File: ../plots/hists_2d/Recon_radtest7//Ephi.png Graphic file (type png)
<use ../plots/hists_2d/Recon_radtest7//Ephi.png>
Package pdftex.def Info: ../plots/hists_2d/Recon_radtest7//Ephi.png  used on in
put line 132.
(pdftex.def)             Requested size: 361.3491pt x 252.94437pt.
[9

 <../plots/hists_2d/Recon_radtest7//Ephi.png>]
<../plots/hists_2d/Recon_radtest7//Epx.png, id=192, 722.7pt x 505.89pt>
File: ../plots/hists_2d/Recon_radtest7//Epx.png Graphic file (type png)
<use ../plots/hists_2d/Recon_radtest7//Epx.png>
Package pdftex.def Info: ../plots/hists_2d/Recon_radtest7//Epx.png  used on inp
ut line 141.
(pdftex.def)             Requested size: 361.3491pt x 252.94437pt.
[10

 <../plots/hists_2d/Recon_radtest7//Epx.png>]
<../plots/hists_2d/Recon_radtest7//Epy.png, id=199, 722.7pt x 505.89pt>
File: ../plots/hists_2d/Recon_radtest7//Epy.png Graphic file (type png)
<use ../plots/hists_2d/Recon_radtest7//Epy.png>
Package pdftex.def Info: ../plots/hists_2d/Recon_radtest7//Epy.png  used on inp
ut line 150.
(pdftex.def)             Requested size: 361.3491pt x 252.94437pt.
[11

 <../plots/hists_2d/Recon_radtest7//Epy.png>]
<../plots/hists_2d/Recon_radtest7//Epz.png, id=206, 722.7pt x 505.89pt>
File: ../plots/hists_2d/Recon_radtest7//Epz.png Graphic file (type png)
<use ../plots/hists_2d/Recon_radtest7//Epz.png>
Package pdftex.def Info: ../plots/hists_2d/Recon_radtest7//Epz.png  used on inp
ut line 159.
(pdftex.def)             Requested size: 361.3491pt x 252.94437pt.
[12

 <../plots/hists_2d/Recon_radtest7//Epz.png>]
<../plots/hists_2d/Recon_radtest7//Esector.png, id=213, 722.7pt x 505.89pt>
File: ../plots/hists_2d/Recon_radtest7//Esector.png Graphic file (type png)
<use ../plots/hists_2d/Recon_radtest7//Esector.png>
Package pdftex.def Info: ../plots/hists_2d/Recon_radtest7//Esector.png  used on
 input line 168.
(pdftex.def)             Requested size: 361.3491pt x 252.94437pt.
[13

 <../plots/hists_2d/Recon_radtest7//Esector.png>]
<../plots/hists_2d/Recon_radtest7//Etheta.png, id=221, 722.7pt x 505.89pt>
File: ../plots/hists_2d/Recon_radtest7//Etheta.png Graphic file (type png)
<use ../plots/hists_2d/Recon_radtest7//Etheta.png>
Package pdftex.def Info: ../plots/hists_2d/Recon_radtest7//Etheta.png  used on 
input line 177.
(pdftex.def)             Requested size: 361.3491pt x 252.94437pt.
[14

 <../plots/hists_2d/Recon_radtest7//Etheta.png>]
<../plots/hists_2d/Recon_radtest7//event.png, id=228, 722.7pt x 505.89pt>
File: ../plots/hists_2d/Recon_radtest7//event.png Graphic file (type png)
<use ../plots/hists_2d/Recon_radtest7//event.png>
Package pdftex.def Info: ../plots/hists_2d/Recon_radtest7//event.png  used on i
nput line 186.
(pdftex.def)             Requested size: 361.3491pt x 252.94437pt.
[15

 <../plots/hists_2d/Recon_radtest7//event.png>]
<../plots/hists_2d/Recon_radtest7//Ge.png, id=235, 722.7pt x 505.89pt>
File: ../plots/hists_2d/Recon_radtest7//Ge.png Graphic file (type png)
<use ../plots/hists_2d/Recon_radtest7//Ge.png>
Package pdftex.def Info: ../plots/hists_2d/Recon_radtest7//Ge.png  used on inpu
t line 195.
(pdftex.def)             Requested size: 361.3491pt x 252.94437pt.
[16

 <../plots/hists_2d/Recon_radtest7//Ge.png>]
<../plots/hists_2d/Recon_radtest7//Ge2.png, id=242, 722.7pt x 505.89pt>
File: ../plots/hists_2d/Recon_radtest7//Ge2.png Graphic file (type png)
<use ../plots/hists_2d/Recon_radtest7//Ge2.png>
Package pdftex.def Info: ../plots/hists_2d/Recon_radtest7//Ge2.png  used on inp
ut line 204.
(pdftex.def)             Requested size: 361.3491pt x 252.94437pt.
[17

 <../plots/hists_2d/Recon_radtest7//Ge2.png>]
<../plots/hists_2d/Recon_radtest7//GIndex.png, id=249, 722.7pt x 505.89pt>
File: ../plots/hists_2d/Recon_radtest7//GIndex.png Graphic file (type png)
<use ../plots/hists_2d/Recon_radtest7//GIndex.png>
Package pdftex.def Info: ../plots/hists_2d/Recon_radtest7//GIndex.png  used on 
input line 213.
(pdftex.def)             Requested size: 361.3491pt x 252.94437pt.
[18

 <../plots/hists_2d/Recon_radtest7//GIndex.png>]
<../plots/hists_2d/Recon_radtest7//GIndex2.png, id=256, 722.7pt x 505.89pt>
File: ../plots/hists_2d/Recon_radtest7//GIndex2.png Graphic file (type png)
<use ../plots/hists_2d/Recon_radtest7//GIndex2.png>
Package pdftex.def Info: ../plots/hists_2d/Recon_radtest7//GIndex2.png  used on
 input line 222.
(pdftex.def)             Requested size: 361.3491pt x 252.94437pt.
[19

 <../plots/hists_2d/Recon_radtest7//GIndex2.png>]
<../plots/hists_2d/Recon_radtest7//Gp.png, id=264, 722.7pt x 505.89pt>
File: ../plots/hists_2d/Recon_radtest7//Gp.png Graphic file (type png)
<use ../plots/hists_2d/Recon_radtest7//Gp.png>
Package pdftex.def Info: ../plots/hists_2d/Recon_radtest7//Gp.png  used on inpu
t line 231.
(pdftex.def)             Requested size: 361.3491pt x 252.94437pt.
[20

 <../plots/hists_2d/Recon_radtest7//Gp.png>]
<../plots/hists_2d/Recon_radtest7//Gp2.png, id=271, 722.7pt x 505.89pt>
File: ../plots/hists_2d/Recon_radtest7//Gp2.png Graphic file (type png)
<use ../plots/hists_2d/Recon_radtest7//Gp2.png>
Package pdftex.def Info: ../plots/hists_2d/Recon_radtest7//Gp2.png  used on inp
ut line 240.
(pdftex.def)             Requested size: 361.3491pt x 252.94437pt.
[21

 <../plots/hists_2d/Recon_radtest7//Gp2.png>]
<../plots/hists_2d/Recon_radtest7//Gphi.png, id=278, 722.7pt x 505.89pt>
File: ../plots/hists_2d/Recon_radtest7//Gphi.png Graphic file (type png)
<use ../plots/hists_2d/Recon_radtest7//Gphi.png>
Package pdftex.def Info: ../plots/hists_2d/Recon_radtest7//Gphi.png  used on in
put line 249.
(pdftex.def)             Requested size: 361.3491pt x 252.94437pt.
[22

 <../plots/hists_2d/Recon_radtest7//Gphi.png>]
<../plots/hists_2d/Recon_radtest7//Gphi2.png, id=285, 722.7pt x 505.89pt>
File: ../plots/hists_2d/Recon_radtest7//Gphi2.png Graphic file (type png)
<use ../plots/hists_2d/Recon_radtest7//Gphi2.png>
Package pdftex.def Info: ../plots/hists_2d/Recon_radtest7//Gphi2.png  used on i
nput line 258.
(pdftex.def)             Requested size: 361.3491pt x 252.94437pt.
[23

 <../plots/hists_2d/Recon_radtest7//Gphi2.png>]
<../plots/hists_2d/Recon_radtest7//Gpx.png, id=292, 722.7pt x 505.89pt>
File: ../plots/hists_2d/Recon_radtest7//Gpx.png Graphic file (type png)
<use ../plots/hists_2d/Recon_radtest7//Gpx.png>
Package pdftex.def Info: ../plots/hists_2d/Recon_radtest7//Gpx.png  used on inp
ut line 267.
(pdftex.def)             Requested size: 361.3491pt x 252.94437pt.
[24

 <../plots/hists_2d/Recon_radtest7//Gpx.png>]
<../plots/hists_2d/Recon_radtest7//Gpx2.png, id=299, 722.7pt x 505.89pt>
File: ../plots/hists_2d/Recon_radtest7//Gpx2.png Graphic file (type png)
<use ../plots/hists_2d/Recon_radtest7//Gpx2.png>
Package pdftex.def Info: ../plots/hists_2d/Recon_radtest7//Gpx2.png  used on in
put line 276.
(pdftex.def)             Requested size: 361.3491pt x 252.94437pt.
[25

 <../plots/hists_2d/Recon_radtest7//Gpx2.png>]
<../plots/hists_2d/Recon_radtest7//Gpy.png, id=307, 722.7pt x 505.89pt>
File: ../plots/hists_2d/Recon_radtest7//Gpy.png Graphic file (type png)
<use ../plots/hists_2d/Recon_radtest7//Gpy.png>
Package pdftex.def Info: ../plots/hists_2d/Recon_radtest7//Gpy.png  used on inp
ut line 285.
(pdftex.def)             Requested size: 361.3491pt x 252.94437pt.
[26

 <../plots/hists_2d/Recon_radtest7//Gpy.png>]
<../plots/hists_2d/Recon_radtest7//Gpy2.png, id=314, 722.7pt x 505.89pt>
File: ../plots/hists_2d/Recon_radtest7//Gpy2.png Graphic file (type png)
<use ../plots/hists_2d/Recon_radtest7//Gpy2.png>
Package pdftex.def Info: ../plots/hists_2d/Recon_radtest7//Gpy2.png  used on in
put line 294.
(pdftex.def)             Requested size: 361.3491pt x 252.94437pt.
[27

 <../plots/hists_2d/Recon_radtest7//Gpy2.png>]
<../plots/hists_2d/Recon_radtest7//Gpz.png, id=321, 722.7pt x 505.89pt>
File: ../plots/hists_2d/Recon_radtest7//Gpz.png Graphic file (type png)
<use ../plots/hists_2d/Recon_radtest7//Gpz.png>
Package pdftex.def Info: ../plots/hists_2d/Recon_radtest7//Gpz.png  used on inp
ut line 303.
(pdftex.def)             Requested size: 361.3491pt x 252.94437pt.
[28

 <../plots/hists_2d/Recon_radtest7//Gpz.png>]
<../plots/hists_2d/Recon_radtest7//Gpz2.png, id=329, 722.7pt x 505.89pt>
File: ../plots/hists_2d/Recon_radtest7//Gpz2.png Graphic file (type png)
<use ../plots/hists_2d/Recon_radtest7//Gpz2.png>
Package pdftex.def Info: ../plots/hists_2d/Recon_radtest7//Gpz2.png  used on in
put line 312.
(pdftex.def)             Requested size: 361.3491pt x 252.94437pt.
[29

 <../plots/hists_2d/Recon_radtest7//Gpz2.png>]
<../plots/hists_2d/Recon_radtest7//Gsector.png, id=336, 722.7pt x 505.89pt>
File: ../plots/hists_2d/Recon_radtest7//Gsector.png Graphic file (type png)
<use ../plots/hists_2d/Recon_radtest7//Gsector.png>
Package pdftex.def Info: ../plots/hists_2d/Recon_radtest7//Gsector.png  used on
 input line 321.
(pdftex.def)             Requested size: 361.3491pt x 252.94437pt.
[30

 <../plots/hists_2d/Recon_radtest7//Gsector.png>]
<../plots/hists_2d/Recon_radtest7//Gsector2.png, id=343, 722.7pt x 505.89pt>
File: ../plots/hists_2d/Recon_radtest7//Gsector2.png Graphic file (type png)
<use ../plots/hists_2d/Recon_radtest7//Gsector2.png>
Package pdftex.def Info: ../plots/hists_2d/Recon_radtest7//Gsector2.png  used o
n input line 330.
(pdftex.def)             Requested size: 361.3491pt x 252.94437pt.
[31

 <../plots/hists_2d/Recon_radtest7//Gsector2.png>]
<../plots/hists_2d/Recon_radtest7//Gtheta.png, id=351, 722.7pt x 505.89pt>
File: ../plots/hists_2d/Recon_radtest7//Gtheta.png Graphic file (type png)
<use ../plots/hists_2d/Recon_radtest7//Gtheta.png>
Package pdftex.def Info: ../plots/hists_2d/Recon_radtest7//Gtheta.png  used on 
input line 339.
(pdftex.def)             Requested size: 361.3491pt x 252.94437pt.
[32

 <../plots/hists_2d/Recon_radtest7//Gtheta.png>]
<../plots/hists_2d/Recon_radtest7//Gtheta2.png, id=358, 722.7pt x 505.89pt>
File: ../plots/hists_2d/Recon_radtest7//Gtheta2.png Graphic file (type png)
<use ../plots/hists_2d/Recon_radtest7//Gtheta2.png>
Package pdftex.def Info: ../plots/hists_2d/Recon_radtest7//Gtheta2.png  used on
 input line 348.
(pdftex.def)             Requested size: 361.3491pt x 252.94437pt.
[33

 <../plots/hists_2d/Recon_radtest7//Gtheta2.png>]
<../plots/hists_2d/Recon_radtest7//Lepton-Hadron_Angle_phi_vs_Photon_theta,_Rec
on.png, id=365, 722.7pt x 505.89pt>
File: ../plots/hists_2d/Recon_radtest7//Lepton-Hadron_Angle_phi_vs_Photon_theta
,_Recon.png Graphic file (type png)
<use ../plots/hists_2d/Recon_radtest7//Lepton-Hadron_Angle_phi_vs_Photon_theta,
_Recon.png>
Package pdftex.def Info: ../plots/hists_2d/Recon_radtest7//Lepton-Hadron_Angle_
phi_vs_Photon_theta,_Recon.png  used on input line 357.
(pdftex.def)             Requested size: 361.3491pt x 252.94437pt.
[34

 <../plots/hists_2d/Recon_radtest7//Lepton-Hadron_Angle_phi_vs_Photon_theta,_Re
con.png>]
<../plots/hists_2d/Recon_radtest7//ME_epgg.png, id=372, 722.7pt x 505.89pt>
File: ../plots/hists_2d/Recon_radtest7//ME_epgg.png Graphic file (type png)
<use ../plots/hists_2d/Recon_radtest7//ME_epgg.png>
Package pdftex.def Info: ../plots/hists_2d/Recon_radtest7//ME_epgg.png  used on
 input line 366.
(pdftex.def)             Requested size: 361.3491pt x 252.94437pt.
[35

 <../plots/hists_2d/Recon_radtest7//ME_epgg.png>]
<../plots/hists_2d/Recon_radtest7//MM2_egg.png, id=379, 722.7pt x 505.89pt>
File: ../plots/hists_2d/Recon_radtest7//MM2_egg.png Graphic file (type png)
<use ../plots/hists_2d/Recon_radtest7//MM2_egg.png>
Package pdftex.def Info: ../plots/hists_2d/Recon_radtest7//MM2_egg.png  used on
 input line 375.
(pdftex.def)             Requested size: 361.3491pt x 252.94437pt.
[36

 <../plots/hists_2d/Recon_radtest7//MM2_egg.png>]
<../plots/hists_2d/Recon_radtest7//MM2_ep.png, id=386, 722.7pt x 505.89pt>
File: ../plots/hists_2d/Recon_radtest7//MM2_ep.png Graphic file (type png)
<use ../plots/hists_2d/Recon_radtest7//MM2_ep.png>
Package pdftex.def Info: ../plots/hists_2d/Recon_radtest7//MM2_ep.png  used on 
input line 384.
(pdftex.def)             Requested size: 361.3491pt x 252.94437pt.
[37

 <../plots/hists_2d/Recon_radtest7//MM2_ep.png>]
<../plots/hists_2d/Recon_radtest7//MM2_epgg.png, id=394, 722.7pt x 505.89pt>
File: ../plots/hists_2d/Recon_radtest7//MM2_epgg.png Graphic file (type png)
<use ../plots/hists_2d/Recon_radtest7//MM2_epgg.png>
Package pdftex.def Info: ../plots/hists_2d/Recon_radtest7//MM2_epgg.png  used o
n input line 393.
(pdftex.def)             Requested size: 361.3491pt x 252.94437pt.
[38

 <../plots/hists_2d/Recon_radtest7//MM2_epgg.png>]
<../plots/hists_2d/Recon_radtest7//Momentum_Transfer_t_vs_W,_Recon.png, id=401,
 722.7pt x 505.89pt>
File: ../plots/hists_2d/Recon_radtest7//Momentum_Transfer_t_vs_W,_Recon.png Gra
phic file (type png)
<use ../plots/hists_2d/Recon_radtest7//Momentum_Transfer_t_vs_W,_Recon.png>
Package pdftex.def Info: ../plots/hists_2d/Recon_radtest7//Momentum_Transfer_t_
vs_W,_Recon.png  used on input line 402.
(pdftex.def)             Requested size: 361.3491pt x 252.94437pt.
[39

 <../plots/hists_2d/Recon_radtest7//Momentum_Transfer_t_vs_W,_Recon.png>]
<../plots/hists_2d/Recon_radtest7//Mpi0.png, id=408, 722.7pt x 505.89pt>
File: ../plots/hists_2d/Recon_radtest7//Mpi0.png Graphic file (type png)
<use ../plots/hists_2d/Recon_radtest7//Mpi0.png>
Package pdftex.def Info: ../plots/hists_2d/Recon_radtest7//Mpi0.png  used on in
put line 411.
(pdftex.def)             Requested size: 361.3491pt x 252.94437pt.
[40

 <../plots/hists_2d/Recon_radtest7//Mpi0.png>]
<../plots/hists_2d/Recon_radtest7//MPt.png, id=415, 722.7pt x 505.89pt>
File: ../plots/hists_2d/Recon_radtest7//MPt.png Graphic file (type png)
<use ../plots/hists_2d/Recon_radtest7//MPt.png>
Package pdftex.def Info: ../plots/hists_2d/Recon_radtest7//MPt.png  used on inp
ut line 420.
(pdftex.def)             Requested size: 361.3491pt x 252.94437pt.
[41

 <../plots/hists_2d/Recon_radtest7//MPt.png>]
<../plots/hists_2d/Recon_radtest7//Mpx.png, id=422, 722.7pt x 505.89pt>
File: ../plots/hists_2d/Recon_radtest7//Mpx.png Graphic file (type png)
<use ../plots/hists_2d/Recon_radtest7//Mpx.png>
Package pdftex.def Info: ../plots/hists_2d/Recon_radtest7//Mpx.png  used on inp
ut line 429.
(pdftex.def)             Requested size: 361.3491pt x 252.94437pt.
[42

 <../plots/hists_2d/Recon_radtest7//Mpx.png>]
<../plots/hists_2d/Recon_radtest7//Mpy.png, id=429, 722.7pt x 505.89pt>
File: ../plots/hists_2d/Recon_radtest7//Mpy.png Graphic file (type png)
<use ../plots/hists_2d/Recon_radtest7//Mpy.png>
Package pdftex.def Info: ../plots/hists_2d/Recon_radtest7//Mpy.png  used on inp
ut line 438.
(pdftex.def)             Requested size: 361.3491pt x 252.94437pt.
[43

 <../plots/hists_2d/Recon_radtest7//Mpy.png>]
<../plots/hists_2d/Recon_radtest7//Mpz.png, id=437, 722.7pt x 505.89pt>
File: ../plots/hists_2d/Recon_radtest7//Mpz.png Graphic file (type png)
<use ../plots/hists_2d/Recon_radtest7//Mpz.png>
Package pdftex.def Info: ../plots/hists_2d/Recon_radtest7//Mpz.png  used on inp
ut line 447.
(pdftex.def)             Requested size: 361.3491pt x 252.94437pt.
[44

 <../plots/hists_2d/Recon_radtest7//Mpz.png>]
<../plots/hists_2d/Recon_radtest7//nu.png, id=444, 722.7pt x 505.89pt>
File: ../plots/hists_2d/Recon_radtest7//nu.png Graphic file (type png)
<use ../plots/hists_2d/Recon_radtest7//nu.png>
Package pdftex.def Info: ../plots/hists_2d/Recon_radtest7//nu.png  used on inpu
t line 456.
(pdftex.def)             Requested size: 361.3491pt x 252.94437pt.
[45

 <../plots/hists_2d/Recon_radtest7//nu.png>]
<../plots/hists_2d/Recon_radtest7//Pe.png, id=451, 722.7pt x 505.89pt>
File: ../plots/hists_2d/Recon_radtest7//Pe.png Graphic file (type png)
<use ../plots/hists_2d/Recon_radtest7//Pe.png>
Package pdftex.def Info: ../plots/hists_2d/Recon_radtest7//Pe.png  used on inpu
t line 465.
(pdftex.def)             Requested size: 361.3491pt x 252.94437pt.
[46

 <../plots/hists_2d/Recon_radtest7//Pe.png>]
<../plots/hists_2d/Recon_radtest7//phi1.png, id=458, 722.7pt x 505.89pt>
File: ../plots/hists_2d/Recon_radtest7//phi1.png Graphic file (type png)
<use ../plots/hists_2d/Recon_radtest7//phi1.png>
Package pdftex.def Info: ../plots/hists_2d/Recon_radtest7//phi1.png  used on in
put line 474.
(pdftex.def)             Requested size: 361.3491pt x 252.94437pt.
[47

 <../plots/hists_2d/Recon_radtest7//phi1.png>]
<../plots/hists_2d/Recon_radtest7//phi2.png, id=465, 722.7pt x 505.89pt>
File: ../plots/hists_2d/Recon_radtest7//phi2.png Graphic file (type png)
<use ../plots/hists_2d/Recon_radtest7//phi2.png>
Package pdftex.def Info: ../plots/hists_2d/Recon_radtest7//phi2.png  used on in
put line 483.
(pdftex.def)             Requested size: 361.3491pt x 252.94437pt.
[48

 <../plots/hists_2d/Recon_radtest7//phi2.png>]
<../plots/hists_2d/Recon_radtest7//Photon_theta_vs_Photon_theta,_Recon.png, id=
473, 722.7pt x 505.89pt>
File: ../plots/hists_2d/Recon_radtest7//Photon_theta_vs_Photon_theta,_Recon.png
 Graphic file (type png)
<use ../plots/hists_2d/Recon_radtest7//Photon_theta_vs_Photon_theta,_Recon.png>

Package pdftex.def Info: ../plots/hists_2d/Recon_radtest7//Photon_theta_vs_Phot
on_theta,_Recon.png  used on input line 492.
(pdftex.def)             Requested size: 361.3491pt x 252.94437pt.
[49

 <../plots/hists_2d/Recon_radtest7//Photon_theta_vs_Photon_theta,_Recon.png>]
<../plots/hists_2d/Recon_radtest7//Pie.png, id=481, 722.7pt x 505.89pt>
File: ../plots/hists_2d/Recon_radtest7//Pie.png Graphic file (type png)
<use ../plots/hists_2d/Recon_radtest7//Pie.png>
Package pdftex.def Info: ../plots/hists_2d/Recon_radtest7//Pie.png  used on inp
ut line 501.
(pdftex.def)             Requested size: 361.3491pt x 252.94437pt.
[50

 <../plots/hists_2d/Recon_radtest7//Pie.png>]
<../plots/hists_2d/Recon_radtest7//Pp.png, id=488, 722.7pt x 505.89pt>
File: ../plots/hists_2d/Recon_radtest7//Pp.png Graphic file (type png)
<use ../plots/hists_2d/Recon_radtest7//Pp.png>
Package pdftex.def Info: ../plots/hists_2d/Recon_radtest7//Pp.png  used on inpu
t line 510.
(pdftex.def)             Requested size: 361.3491pt x 252.94437pt.
[51

 <../plots/hists_2d/Recon_radtest7//Pp.png>]
<../plots/hists_2d/Recon_radtest7//Pphi.png, id=495, 722.7pt x 505.89pt>
File: ../plots/hists_2d/Recon_radtest7//Pphi.png Graphic file (type png)
<use ../plots/hists_2d/Recon_radtest7//Pphi.png>
Package pdftex.def Info: ../plots/hists_2d/Recon_radtest7//Pphi.png  used on in
put line 519.
(pdftex.def)             Requested size: 361.3491pt x 252.94437pt.
[52

 <../plots/hists_2d/Recon_radtest7//Pphi.png>]
<../plots/hists_2d/Recon_radtest7//Ppx.png, id=502, 722.7pt x 505.89pt>
File: ../plots/hists_2d/Recon_radtest7//Ppx.png Graphic file (type png)
<use ../plots/hists_2d/Recon_radtest7//Ppx.png>
Package pdftex.def Info: ../plots/hists_2d/Recon_radtest7//Ppx.png  used on inp
ut line 528.
(pdftex.def)             Requested size: 361.3491pt x 252.94437pt.
[53

 <../plots/hists_2d/Recon_radtest7//Ppx.png>]
<../plots/hists_2d/Recon_radtest7//Ppy.png, id=509, 722.7pt x 505.89pt>
File: ../plots/hists_2d/Recon_radtest7//Ppy.png Graphic file (type png)
<use ../plots/hists_2d/Recon_radtest7//Ppy.png>
Package pdftex.def Info: ../plots/hists_2d/Recon_radtest7//Ppy.png  used on inp
ut line 537.
(pdftex.def)             Requested size: 361.3491pt x 252.94437pt.
[54

 <../plots/hists_2d/Recon_radtest7//Ppy.png>]
<../plots/hists_2d/Recon_radtest7//Ppz.png, id=516, 722.7pt x 505.89pt>
File: ../plots/hists_2d/Recon_radtest7//Ppz.png Graphic file (type png)
<use ../plots/hists_2d/Recon_radtest7//Ppz.png>
Package pdftex.def Info: ../plots/hists_2d/Recon_radtest7//Ppz.png  used on inp
ut line 546.
(pdftex.def)             Requested size: 361.3491pt x 252.94437pt.
[55

 <../plots/hists_2d/Recon_radtest7//Ppz.png>]
<../plots/hists_2d/Recon_radtest7//Proton_phi_vs_Proton_theta,_Recon.png, id=52
4, 722.7pt x 505.89pt>
File: ../plots/hists_2d/Recon_radtest7//Proton_phi_vs_Proton_theta,_Recon.png G
raphic file (type png)
<use ../plots/hists_2d/Recon_radtest7//Proton_phi_vs_Proton_theta,_Recon.png>
Package pdftex.def Info: ../plots/hists_2d/Recon_radtest7//Proton_phi_vs_Proton
_theta,_Recon.png  used on input line 555.
(pdftex.def)             Requested size: 361.3491pt x 252.94437pt.
[56

 <../plots/hists_2d/Recon_radtest7//Proton_phi_vs_Proton_theta,_Recon.png>]
<../plots/hists_2d/Recon_radtest7//Psector.png, id=531, 722.7pt x 505.89pt>
File: ../plots/hists_2d/Recon_radtest7//Psector.png Graphic file (type png)
<use ../plots/hists_2d/Recon_radtest7//Psector.png>
Package pdftex.def Info: ../plots/hists_2d/Recon_radtest7//Psector.png  used on
 input line 564.
(pdftex.def)             Requested size: 361.3491pt x 252.94437pt.
[57

 <../plots/hists_2d/Recon_radtest7//Psector.png>]
<../plots/hists_2d/Recon_radtest7//Ptheta.png, id=538, 722.7pt x 505.89pt>
File: ../plots/hists_2d/Recon_radtest7//Ptheta.png Graphic file (type png)
<use ../plots/hists_2d/Recon_radtest7//Ptheta.png>
Package pdftex.def Info: ../plots/hists_2d/Recon_radtest7//Ptheta.png  used on 
input line 573.
(pdftex.def)             Requested size: 361.3491pt x 252.94437pt.
[58

 <../plots/hists_2d/Recon_radtest7//Ptheta.png>]
<../plots/hists_2d/Recon_radtest7//Q2.png, id=545, 722.7pt x 505.89pt>
File: ../plots/hists_2d/Recon_radtest7//Q2.png Graphic file (type png)
<use ../plots/hists_2d/Recon_radtest7//Q2.png>
Package pdftex.def Info: ../plots/hists_2d/Recon_radtest7//Q2.png  used on inpu
t line 582.
(pdftex.def)             Requested size: 361.3491pt x 252.94437pt.
[59

 <../plots/hists_2d/Recon_radtest7//Q2.png>]
<../plots/hists_2d/Recon_radtest7//reconPi.png, id=552, 722.7pt x 505.89pt>
File: ../plots/hists_2d/Recon_radtest7//reconPi.png Graphic file (type png)
<use ../plots/hists_2d/Recon_radtest7//reconPi.png>
Package pdftex.def Info: ../plots/hists_2d/Recon_radtest7//reconPi.png  used on
 input line 591.
(pdftex.def)             Requested size: 361.3491pt x 252.94437pt.
[60

 <../plots/hists_2d/Recon_radtest7//reconPi.png>]
<../plots/hists_2d/Recon_radtest7//reconPiAngleDiff.png, id=559, 722.7pt x 505.
89pt>
File: ../plots/hists_2d/Recon_radtest7//reconPiAngleDiff.png Graphic file (type
 png)
<use ../plots/hists_2d/Recon_radtest7//reconPiAngleDiff.png>
Package pdftex.def Info: ../plots/hists_2d/Recon_radtest7//reconPiAngleDiff.png
  used on input line 600.
(pdftex.def)             Requested size: 361.3491pt x 252.94437pt.
[61

 <../plots/hists_2d/Recon_radtest7//reconPiAngleDiff.png>]
<../plots/hists_2d/Recon_radtest7//t.png, id=567, 722.7pt x 505.89pt>
File: ../plots/hists_2d/Recon_radtest7//t.png Graphic file (type png)
<use ../plots/hists_2d/Recon_radtest7//t.png>
Package pdftex.def Info: ../plots/hists_2d/Recon_radtest7//t.png  used on input
 line 609.
(pdftex.def)             Requested size: 361.3491pt x 252.94437pt.
[62

 <../plots/hists_2d/Recon_radtest7//t.png>]
<../plots/hists_2d/Recon_radtest7//W.png, id=574, 722.7pt x 505.89pt>
File: ../plots/hists_2d/Recon_radtest7//W.png Graphic file (type png)
<use ../plots/hists_2d/Recon_radtest7//W.png>
Package pdftex.def Info: ../plots/hists_2d/Recon_radtest7//W.png  used on input
 line 618.
(pdftex.def)             Requested size: 361.3491pt x 252.94437pt.
[63

 <../plots/hists_2d/Recon_radtest7//W.png>]
<../plots/hists_2d/Recon_radtest7//xB.png, id=581, 722.7pt x 505.89pt>
File: ../plots/hists_2d/Recon_radtest7//xB.png Graphic file (type png)
<use ../plots/hists_2d/Recon_radtest7//xB.png>
Package pdftex.def Info: ../plots/hists_2d/Recon_radtest7//xB.png  used on inpu
t line 627.
(pdftex.def)             Requested size: 361.3491pt x 252.94437pt.
[64

 <../plots/hists_2d/Recon_radtest7//xB.png>]
<../plots/hists_2d/Recon_radtest7//x_B_vs_Q2,_Recon.png, id=588, 722.7pt x 505.
89pt>
File: ../plots/hists_2d/Recon_radtest7//x_B_vs_Q2,_Recon.png Graphic file (type
 png)
<use ../plots/hists_2d/Recon_radtest7//x_B_vs_Q2,_Recon.png>
Package pdftex.def Info: ../plots/hists_2d/Recon_radtest7//x_B_vs_Q2,_Recon.png
  used on input line 636.
(pdftex.def)             Requested size: 361.3491pt x 252.94437pt.
[65

 <../plots/hists_2d/Recon_radtest7//x_B_vs_Q2,_Recon.png>]
Package atveryend Info: Empty hook `BeforeClearDocument' on input line 643.
Package atveryend Info: Empty hook `AfterLastShipout' on input line 643.
(./latexoutput.aux)
Package atveryend Info: Executing hook `AtVeryEndDocument' on input line 643.
Package atveryend Info: Executing hook `AtEndAfterFileList' on input line 643.
Package rerunfilecheck Info: File `latexoutput.out' has not changed.
(rerunfilecheck)             Checksum: 65A24D1C8F5B11E76DA202D514B734F2;46.
Package atveryend Info: Empty hook `AtVeryVeryEnd' on input line 643.
 ) 
Here is how much of TeX's memory you used:
 7468 strings out of 483183
 127356 string characters out of 5966292
 376138 words of memory out of 5000000
 22198 multiletter control sequences out of 15000+600000
 532943 words of font info for 26 fonts, out of 8000000 for 9000
 14 hyphenation exceptions out of 8191
 41i,12n,45p,252b,360s stack positions out of 5000i,500n,10000p,200000b,80000s
</usr/share/texlive/texmf-dist/fonts/type1/public/amsfonts/cm/cmbx12.pfb></us
r/share/texlive/texmf-dist/fonts/type1/public/amsfonts/cm/cmr10.pfb>
Output written on latexoutput.pdf (65 pages, 1346764 bytes).
PDF statistics:
 636 PDF objects out of 1000 (max. 8388607)
 440 compressed objects within 5 object streams
 129 named destinations out of 1000 (max. 500000)
 314 words of extra memory for PDF output out of 10000 (max. 10000000)

